


ARM Macro Assembler    Page 1 


    1 00000000                 PRESERVE8
    2 00000000                 THUMB
    3 00000000         
    4 00000000                 export           CallbackSon
    5 00000000                 export           StartSon
    6 00000000                 import           LongueurSon
    7 00000000                 import           Son
    8 00000000                 import           PWM_Set_Value_TIM3_Ch3
    9 00000000                 export           SortieSon
   10 00000000                 include          DriverJeuLaser.inc
    1 00000000         
    2 00000000         ; Bibliotheque DriverJeuLaser (ancienne gassp72 adaptée 
                       2021 - TR)
    3 00000000         ; Accès en aux fonctions suivantes :
    4 00000000         ; GPIO :
    5 00000000         ; GPIOA_Set(char Broche), GPIOB_Set(char Broche), GPIOC_
                       Set(char Broche)
    6 00000000         ; GPIOA_Clear(char Broche), GPIOB_Clear(char Broche), GP
                       IOC_Clear(char Broche)
    7 00000000         
    8 00000000         ; PWM :
    9 00000000         ;/**
   10 00000000         ; * @brief  Fixe une valeur de PWM, Val, en tick horloge
                       . La rapport cyclique effectif
   11 00000000         ; * est donc : rcy = Thaut_ticks / Periode_ticks
   12 00000000         ; * @note   spécifique Jeu Laser, PWM liée exclusivement
                        au TIM3, chan3
   13 00000000         ; * @param  Thaut_ticks : durée de l'état haut d'une imp
                       ulsion en Ticks
   14 00000000         ;  * @retval None
   15 00000000         ; */
   16 00000000         
   17 00000000         ;void PWM_Set_Value_TIM3_Ch3( unsigned short int Thaut_t
                       icks);
   18 00000000                 import           PWM_Set_Value_TIM3_Ch3
   19 00000000         
   20 00000000         
   21 00000000         
   22 00000000         ;/**
   23 00000000         ; * @brief  Mise à 1 d'une broche GPIO 
   24 00000000         ;  * @note   Une fonction par GPIO
   25 00000000         ; * @param  Broche : 0 à 15
   26 00000000         ; * @retval None
   27 00000000         ; */
   28 00000000         
   29 00000000         ;void GPIOA_Set(char Broche);
   30 00000000                 import           GPIOA_Set
   31 00000000         
   32 00000000         ;void GPIOB_Set(char Broche);
   33 00000000                 import           GPIOB_Set
   34 00000000         
   35 00000000         ;void GPIOC_Set(char Broche);
   36 00000000                 import           GPIOC_Set
   37 00000000         
   38 00000000         
   39 00000000         
   40 00000000         ;/**
   41 00000000         ; * @brief  Mise à 0 d'une broche GPIO 
   42 00000000         ;  * @note   Une fonction par GPIO



ARM Macro Assembler    Page 2 


   43 00000000         ; * @param  Broche : 0 à 15
   44 00000000         ; * @retval None
   45 00000000         ;  */
   46 00000000         
   47 00000000         ;void GPIOA_Clear(char Broche);
   48 00000000                 import           GPIOA_Clear
   49 00000000         
   50 00000000         ;void GPIOB_Clear(char Broche);
   51 00000000                 import           GPIOB_Clear
   52 00000000         
   53 00000000         ;void GPIOC_Clear(char Broche);
   54 00000000                 import           GPIOC_Clear
   55 00000000         
   56 00000000                 end
   11 00000000         ; ====================== zone de réservation de données,
                         ======================================
   12 00000000         ;Section RAM (read only) :
   13 00000000                 area             mesdata,data,readonly
   14 00000000         
   15 00000000         
   16 00000000         ;Section RAM (read write):
   17 00000000                 area             maram,data,readwrite
   18 00000000         
   19 00000000 00 00   SortieSon
                               DCW              0
   20 00000002 00 00 00000000 
                       tab     DCD              0
   21 00000008         
   22 00000008         ; ======================================================
                       =========================================
   23 00000008         
   24 00000008         
   25 00000008         
   26 00000008         
   27 00000008         ;Section ROM code (read only) :  
   28 00000008                 area             moncode,code,readonly
   29 00000000         ; écrire le code ici  
   30 00000000         
   31 00000000         
   32 00000000         ;void CallbackSon(){
   33 00000000         ; if (index <= LongeurSon) {
   34 00000000         ;  SortieSon = (son[index]*360)/32768 + 360
   35 00000000         ;  index++;
   36 00000000         ;
   37 00000000         
   38 00000000         
   39 00000000         CallbackSon
                               proc
   40 00000000 B4FE            push             {r1,r2,r3,r4,r5,r6,r7}
   41 00000002 4912            ldr              r1,=LongueurSon
   42 00000004 4A12            ldr              r2,=tab
   43 00000006 680B            ldr              r3, [r1]
   44 00000008 6814            ldr              r4, [r2]
   45 0000000A         
   46 0000000A         ; if (index <= LongeurSon)
   47 0000000A 429C            cmp              r4, r3
   48 0000000C DC15            bgt              fin
   49 0000000E 4911            ldr              r1,=Son
   50 00000010         



ARM Macro Assembler    Page 3 


   51 00000010         ; SortieSon = son[index]
   52 00000010 F931 5014       ldrsh            r5, [r1, r4, lsl #1]
   53 00000014         ; SortieSon = (son[index]*360)
   54 00000014 F44F 76B4       mov              r6, #360
   55 00000018 FB05 F506       mul              r5, r6
   56 0000001C         
   57 0000001C         ; SotieSon = SortieSon/32768
   58 0000001C EA4F 35E5       asr              r5,#15
   59 00000020         
   60 00000020         ; SortieSon = SortieSon + 360
   61 00000020 F505 75B4       add              r5, #360
   62 00000024 490C            ldr              r1,=SortieSon
   63 00000026 800D            strh             r5, [r1]
   64 00000028 B501            push             {r0, lr}
   65 0000002A 4628            mov              r0, r5
   66 0000002C F7FF FFFE       bl               PWM_Set_Value_TIM3_Ch3
   67 00000030 E8BD 4001       pop              {r0, lr}
   68 00000034         ; index++;
   69 00000034 F104 0401       add              r4, #1
   70 00000038 8014            strh             r4, [r2]
   71 0000003A         
   72 0000003A         fin
   73 0000003A BCFE            pop              {r1,r2,r3,r4,r5,r6,r7}
   74 0000003C 4770            bx               lr
   75 0000003E                 ENDP
   76 0000003E         
   77 0000003E         StartSon
                               proc
   78 0000003E 4904            ldr              r1,=tab
   79 00000040 680A            ldr              r2, [r1]
   80 00000042 F04F 0200       mov              r2, #0
   81 00000046 600A            str              r2, [r1]
   82 00000048 4770            bx               lr
   83 0000004A                 ENDP
   84 0000004A         
   85 0000004A                 END
              00 00 00000000 
              00000000 
              00000000 
              00000000 
Command Line: --debug --xref --diag_suppress=9931 --cpu=Cortex-M3 --apcs=interw
ork --depend=.\obj\gestionson.d -o.\obj\gestionson.o -I.\Driver -I.\RTE\_CibleS
ondeKEIL -IC:\Programdata\Keil\Arm\Packs\ARM\CMSIS\5.7.0\CMSIS\Core\Include -IC
:\Programdata\Keil\Arm\Packs\Keil\STM32F1xx_DFP\2.3.0\Device\Include --predefin
e="__EVAL SETA 1" --predefine="__MICROLIB SETA 1" --predefine="__UVISION_VERSIO
N SETA 534" --predefine="_RTE_ SETA 1" --predefine="STM32F10X_MD SETA 1" --pred
efine="_RTE_ SETA 1" --list=gestionson.lst Src\GestionSon.s



ARM Macro Assembler    Page 1 Alphabetic symbol ordering
Relocatable symbols

mesdata 00000000

Symbol: mesdata
   Definitions
      At line 13 in file Src\GestionSon.s
   Uses
      None
Comment: mesdata unused
1 symbol



ARM Macro Assembler    Page 1 Alphabetic symbol ordering
Relocatable symbols

SortieSon 00000000

Symbol: SortieSon
   Definitions
      At line 19 in file Src\GestionSon.s
   Uses
      At line 9 in file Src\GestionSon.s
      At line 62 in file Src\GestionSon.s

maram 00000000

Symbol: maram
   Definitions
      At line 17 in file Src\GestionSon.s
   Uses
      None
Comment: maram unused
tab 00000004

Symbol: tab
   Definitions
      At line 20 in file Src\GestionSon.s
   Uses
      At line 42 in file Src\GestionSon.s
      At line 78 in file Src\GestionSon.s

3 symbols



ARM Macro Assembler    Page 1 Alphabetic symbol ordering
Relocatable symbols

CallbackSon 00000000

Symbol: CallbackSon
   Definitions
      At line 39 in file Src\GestionSon.s
   Uses
      At line 4 in file Src\GestionSon.s
Comment: CallbackSon used once
StartSon 0000003E

Symbol: StartSon
   Definitions
      At line 77 in file Src\GestionSon.s
   Uses
      At line 5 in file Src\GestionSon.s
Comment: StartSon used once
fin 0000003A

Symbol: fin
   Definitions
      At line 72 in file Src\GestionSon.s
   Uses
      At line 48 in file Src\GestionSon.s
Comment: fin used once
moncode 00000000

Symbol: moncode
   Definitions
      At line 28 in file Src\GestionSon.s
   Uses
      None
Comment: moncode unused
4 symbols



ARM Macro Assembler    Page 1 Alphabetic symbol ordering
External symbols

GPIOA_Clear 00000000

Symbol: GPIOA_Clear
   Definitions
      At line 48 in file .\Driver\DriverJeuLaser.inc
   Uses
      None
Comment: GPIOA_Clear unused
GPIOA_Set 00000000

Symbol: GPIOA_Set
   Definitions
      At line 30 in file .\Driver\DriverJeuLaser.inc
   Uses
      None
Comment: GPIOA_Set unused
GPIOB_Clear 00000000

Symbol: GPIOB_Clear
   Definitions
      At line 51 in file .\Driver\DriverJeuLaser.inc
   Uses
      None
Comment: GPIOB_Clear unused
GPIOB_Set 00000000

Symbol: GPIOB_Set
   Definitions
      At line 33 in file .\Driver\DriverJeuLaser.inc
   Uses
      None
Comment: GPIOB_Set unused
GPIOC_Clear 00000000

Symbol: GPIOC_Clear
   Definitions
      At line 54 in file .\Driver\DriverJeuLaser.inc
   Uses
      None
Comment: GPIOC_Clear unused
GPIOC_Set 00000000

Symbol: GPIOC_Set
   Definitions
      At line 36 in file .\Driver\DriverJeuLaser.inc
   Uses
      None
Comment: GPIOC_Set unused
LongueurSon 00000000

Symbol: LongueurSon
   Definitions
      At line 6 in file Src\GestionSon.s
   Uses
      At line 41 in file Src\GestionSon.s
Comment: LongueurSon used once
PWM_Set_Value_TIM3_Ch3 00000000

Symbol: PWM_Set_Value_TIM3_Ch3



ARM Macro Assembler    Page 2 Alphabetic symbol ordering
External symbols

   Definitions
      At line 8 in file Src\GestionSon.s
      At line 18 in file .\Driver\DriverJeuLaser.inc
   Uses
      At line 66 in file Src\GestionSon.s
Warning: PWM_Set_Value_TIM3_Ch3 multiply definedComment: PWM_Set_Value_TIM3_Ch3
 used once
Son 00000000

Symbol: Son
   Definitions
      At line 7 in file Src\GestionSon.s
   Uses
      At line 49 in file Src\GestionSon.s
Comment: Son used once
9 symbols
354 symbols in table
